n:\github\university\stormvile trench run\direct3d11tutorials\debug\tutorial07.cso
n:\github\university\stormvile trench run\direct3d11tutorials\debug\tutorial07_ps.cso
n:\github\university\stormvile trench run\direct3d11tutorials\debug\tutorial07_vs.cso
n:\github\university\stormvile trench run\direct3d11tutorials\tutorial07\debug\vc140.pdb
n:\github\university\stormvile trench run\direct3d11tutorials\tutorial07\debug\vc140.idb
n:\github\university\stormvile trench run\direct3d11tutorials\tutorial07\debug\gameobject.obj
n:\github\university\stormvile trench run\direct3d11tutorials\tutorial07\debug\target.obj
n:\github\university\stormvile trench run\direct3d11tutorials\tutorial07\debug\stormvile.obj
n:\github\university\stormvile trench run\direct3d11tutorials\tutorial07\debug\player.obj
n:\github\university\stormvile trench run\direct3d11tutorials\tutorial07\debug\gun.obj
n:\github\university\stormvile trench run\direct3d11tutorials\tutorial07\debug\ddstextureloader.obj
n:\github\university\stormvile trench run\direct3d11tutorials\tutorial07\debug\corridor.obj
n:\github\university\stormvile trench run\direct3d11tutorials\tutorial07\debug\collisionbox.obj
n:\github\university\stormvile trench run\direct3d11tutorials\tutorial07\debug\bullet.obj
n:\github\university\stormvile trench run\direct3d11tutorials\tutorial07\debug\boundaries.obj
n:\github\university\stormvile trench run\direct3d11tutorials\tutorial07\debug\tutorial07.res
n:\github\university\stormvile trench run\direct3d11tutorials\debug\stormvile.pdb
n:\github\university\stormvile trench run\direct3d11tutorials\tutorial07\debug\stormvile.tlog\stormvile.write.1u.tlog
n:\github\university\stormvile trench run\direct3d11tutorials\tutorial07\debug\stormvile.tlog\fxc.read.1.tlog
n:\github\university\stormvile trench run\direct3d11tutorials\tutorial07\debug\stormvile.tlog\fxc.write.1.tlog
n:\github\university\stormvile trench run\direct3d11tutorials\tutorial07\debug\stormvile.tlog\fxc.command.1.tlog
n:\github\university\stormvile trench run\direct3d11tutorials\tutorial07\debug\stormvile.tlog\cl.read.1.tlog
n:\github\university\stormvile trench run\direct3d11tutorials\tutorial07\debug\stormvile.tlog\cl.write.1.tlog
n:\github\university\stormvile trench run\direct3d11tutorials\tutorial07\debug\stormvile.tlog\cl.command.1.tlog
n:\github\university\stormvile trench run\direct3d11tutorials\tutorial07\debug\stormvile.tlog\rc.read.1.tlog
n:\github\university\stormvile trench run\direct3d11tutorials\tutorial07\debug\stormvile.tlog\rc.write.1.tlog
n:\github\university\stormvile trench run\direct3d11tutorials\tutorial07\debug\stormvile.tlog\rc.command.1.tlog
n:\github\university\stormvile trench run\direct3d11tutorials\tutorial07\debug\stormvile.tlog\link-mt.read.1.tlog
n:\github\university\stormvile trench run\direct3d11tutorials\tutorial07\debug\stormvile.tlog\link-mt.write.1.tlog
n:\github\university\stormvile trench run\direct3d11tutorials\tutorial07\debug\stormvile.tlog\link-rc.read.1.tlog
n:\github\university\stormvile trench run\direct3d11tutorials\tutorial07\debug\stormvile.tlog\link-rc.write.1.tlog
n:\github\university\stormvile trench run\direct3d11tutorials\tutorial07\debug\stormvile.tlog\link-cvtres.read.1.tlog
n:\github\university\stormvile trench run\direct3d11tutorials\tutorial07\debug\stormvile.tlog\link-cvtres.write.1.tlog
n:\github\university\stormvile trench run\direct3d11tutorials\tutorial07\debug\stormvile.tlog\link.read.1.tlog
n:\github\university\stormvile trench run\direct3d11tutorials\tutorial07\debug\stormvile.tlog\link.write.1.tlog
n:\github\university\stormvile trench run\direct3d11tutorials\tutorial07\debug\stormvile.tlog\link.command.1.tlog
